2019-04-23 20:11:50,154 INFO o.a.j.u.JMeterUtils: Setting Locale to es_ES
2019-04-23 20:11:50,187 INFO o.a.j.u.JMeterUtils: Could not find resources for 'es_ES', using 'es'
2019-04-23 20:11:50,188 INFO o.a.j.JMeter: Loading user properties from: /home/alumnos/e342301/apache-jmeter-5.1/bin/user.properties
2019-04-23 20:11:50,194 INFO o.a.j.JMeter: Loading system properties from: /home/alumnos/e342301/apache-jmeter-5.1/bin/system.properties
2019-04-23 20:11:50,225 INFO o.a.j.JMeter: Copyright (c) 1998-2019 The Apache Software Foundation
2019-04-23 20:11:50,225 INFO o.a.j.JMeter: Version 5.1 r1853635
2019-04-23 20:11:50,225 INFO o.a.j.JMeter: java.version=1.8.0_201
2019-04-23 20:11:50,225 INFO o.a.j.JMeter: java.vm.name=Java HotSpot(TM) 64-Bit Server VM
2019-04-23 20:11:50,226 INFO o.a.j.JMeter: os.name=Linux
2019-04-23 20:11:50,226 INFO o.a.j.JMeter: os.arch=amd64
2019-04-23 20:11:50,226 INFO o.a.j.JMeter: os.version=4.15.0-29-generic
2019-04-23 20:11:50,226 INFO o.a.j.JMeter: file.encoding=UTF-8
2019-04-23 20:11:50,227 INFO o.a.j.JMeter: java.awt.headless=null
2019-04-23 20:11:50,227 INFO o.a.j.JMeter: Max memory     =1724383232
2019-04-23 20:11:50,227 INFO o.a.j.JMeter: Available Processors =4
2019-04-23 20:11:50,259 INFO o.a.j.JMeter: Default Locale=espa単ol (Espa単a)
2019-04-23 20:11:50,259 INFO o.a.j.JMeter: JMeter  Locale=espa単ol (Espa単a)
2019-04-23 20:11:50,260 INFO o.a.j.JMeter: JMeterHome=/home/alumnos/e342301/apache-jmeter-5.1
2019-04-23 20:11:50,260 INFO o.a.j.JMeter: user.dir  =/home/alumnos/e342301/si2claujuani/P3/P3
2019-04-23 20:11:50,260 INFO o.a.j.JMeter: PWD       =/home/alumnos/e342301/si2claujuani/P3/P3
2019-04-23 20:11:50,303 INFO o.a.j.JMeter: IP: 10.10.65.132 Name: 4-31-65-132 FullName: 4-31-65-132
2019-04-23 20:11:50,840 INFO o.a.j.g.a.LookAndFeelCommand: Installing Darcula LAF
2019-04-23 20:11:51,039 INFO o.a.j.g.a.LookAndFeelCommand: Using look and feel: javax.swing.plaf.nimbus.NimbusLookAndFeel [Darcula]
2019-04-23 20:11:51,040 INFO o.a.j.JMeter: Setting LAF to: javax.swing.plaf.nimbus.NimbusLookAndFeel
2019-04-23 20:11:51,186 INFO o.a.j.JMeter: Loaded icon properties from org/apache/jmeter/images/icon.properties
2019-04-23 20:11:51,822 INFO o.a.j.e.u.CompoundVariable: Note: Function class names must contain the string: '.functions.'
2019-04-23 20:11:51,822 INFO o.a.j.e.u.CompoundVariable: Note: Function class names must not contain the string: '.gui.'
2019-04-23 20:11:54,310 INFO o.a.j.p.h.s.HTTPSamplerBase: Parser for text/html is org.apache.jmeter.protocol.http.parser.LagartoBasedHtmlParser
2019-04-23 20:11:54,311 INFO o.a.j.p.h.s.HTTPSamplerBase: Parser for application/xhtml+xml is org.apache.jmeter.protocol.http.parser.LagartoBasedHtmlParser
2019-04-23 20:11:54,311 INFO o.a.j.p.h.s.HTTPSamplerBase: Parser for application/xml is org.apache.jmeter.protocol.http.parser.LagartoBasedHtmlParser
2019-04-23 20:11:54,311 INFO o.a.j.p.h.s.HTTPSamplerBase: Parser for text/xml is org.apache.jmeter.protocol.http.parser.LagartoBasedHtmlParser
2019-04-23 20:11:54,311 INFO o.a.j.p.h.s.HTTPSamplerBase: Parser for text/vnd.wap.wml is org.apache.jmeter.protocol.http.parser.RegexpHTMLParser
2019-04-23 20:11:54,311 INFO o.a.j.p.h.s.HTTPSamplerBase: Parser for text/css is org.apache.jmeter.protocol.http.parser.CssParser
2019-04-23 20:11:54,607 INFO o.a.j.e.KeyToolUtils: keytool found at 'keytool'
2019-04-23 20:11:54,608 INFO o.a.j.p.h.p.ProxyControl: HTTP(S) Test Script Recorder SSL Proxy will use keys that support embedded 3rd party resources in file /home/alumnos/e342301/apache-jmeter-5.1/bin/proxyserver.jks
2019-04-23 20:11:54,800 INFO o.a.j.s.FileServer: Default base='/home/alumnos/e342301/si2claujuani/P3/P3'
2019-04-23 20:11:55,098 INFO o.a.j.s.SampleResult: Note: Sample TimeStamps are START times
2019-04-23 20:11:55,098 INFO o.a.j.s.SampleResult: sampleresult.default.encoding is set to ISO-8859-1
2019-04-23 20:11:55,098 INFO o.a.j.s.SampleResult: sampleresult.useNanoTime=true
2019-04-23 20:11:55,098 INFO o.a.j.s.SampleResult: sampleresult.nanoThreadSleep=5000
2019-04-23 20:14:15,871 INFO o.a.j.g.a.Load: Loading file: /home/alumnos/e342301/si2claujuani/P3/P2.jmx
2019-04-23 20:14:15,871 INFO o.a.j.s.FileServer: Set new base='/home/alumnos/e342301/si2claujuani/P3'
2019-04-23 20:14:16,089 INFO o.a.j.s.SaveService: Testplan (JMX) version: 2.2. Testlog (JTL) version: 2.2
2019-04-23 20:14:16,123 INFO o.a.j.s.SaveService: Using SaveService properties file encoding UTF-8
2019-04-23 20:14:16,126 INFO o.a.j.s.SaveService: Using SaveService properties version 5.0
2019-04-23 20:14:16,131 INFO o.a.j.s.SaveService: Loading file: /home/alumnos/e342301/si2claujuani/P3/P2.jmx
2019-04-23 20:14:16,329 INFO o.a.j.s.FileServer: Set new base='/home/alumnos/e342301/si2claujuani/P3'
2019-04-23 20:14:28,842 INFO o.a.j.g.a.Load: Loading file: /home/alumnos/e342301/si2claujuani/P2/P2.jmx
2019-04-23 20:14:28,842 INFO o.a.j.s.FileServer: Set new base='/home/alumnos/e342301/si2claujuani/P2'
2019-04-23 20:14:28,842 INFO o.a.j.s.SaveService: Loading file: /home/alumnos/e342301/si2claujuani/P2/P2.jmx
2019-04-23 20:14:28,917 INFO o.a.j.s.FileServer: Set new base='/home/alumnos/e342301/si2claujuani/P2'
2019-04-23 21:06:42,569 INFO o.a.j.e.StandardJMeterEngine: Running the test!
2019-04-23 21:06:42,578 INFO o.a.j.s.SampleEvent: List of sample_variables: []
2019-04-23 21:06:42,578 INFO o.a.j.s.SampleEvent: List of sample_variables: []
2019-04-23 21:06:42,599 INFO o.a.j.g.u.JMeterMenuBar: setRunning(true, *local*)
2019-04-23 21:06:42,757 INFO o.a.j.e.StandardJMeterEngine: Starting ThreadGroup: 1 : Pruebas para P3
2019-04-23 21:06:42,757 INFO o.a.j.e.StandardJMeterEngine: Starting 1 threads for group Pruebas para P3.
2019-04-23 21:06:42,758 INFO o.a.j.e.StandardJMeterEngine: Thread will continue on error
2019-04-23 21:06:42,758 INFO o.a.j.t.ThreadGroup: Starting thread group... number=1 threads=1 ramp-up=1 perThread=1000.0 delayedStart=false
2019-04-23 21:06:42,766 INFO o.a.j.t.ThreadGroup: Started thread group number 1
2019-04-23 21:06:42,767 INFO o.a.j.e.StandardJMeterEngine: All thread groups have been started
2019-04-23 21:06:42,772 INFO o.a.j.t.JMeterThread: Thread started: Pruebas para P3 1-1
2019-04-23 21:06:42,776 INFO o.a.j.s.FileServer: Stored: datagen/listado.csv
2019-04-23 21:06:42,856 INFO o.a.j.p.h.s.HTTPHCAbstractImpl: Local host = 4-31-65-132
2019-04-23 21:06:42,880 INFO o.a.j.p.h.s.HTTPHC4Impl: HTTP request retry count = 0
2019-04-23 21:06:42,979 INFO o.a.j.u.JsseSSLManager: Using default SSL protocol: TLS
2019-04-23 21:06:42,979 INFO o.a.j.u.JsseSSLManager: SSL session context: per-thread
2019-04-23 21:06:45,176 INFO o.a.j.t.JMeterThread: Thread is done: Pruebas para P3 1-1
2019-04-23 21:06:45,176 INFO o.a.j.t.JMeterThread: Thread finished: Pruebas para P3 1-1
2019-04-23 21:06:45,177 INFO o.a.j.e.StandardJMeterEngine: Notifying test listeners of end of test
2019-04-23 21:06:45,177 INFO o.a.j.s.FileServer: Close: datagen/listado.csv
2019-04-23 21:06:45,177 INFO o.a.j.g.u.JMeterMenuBar: setRunning(false, *local*)
2019-04-23 21:07:53,541 INFO o.a.j.e.StandardJMeterEngine: Running the test!
2019-04-23 21:07:53,542 INFO o.a.j.s.SampleEvent: List of sample_variables: []
2019-04-23 21:07:53,546 INFO o.a.j.g.u.JMeterMenuBar: setRunning(true, *local*)
2019-04-23 21:07:53,798 INFO o.a.j.e.StandardJMeterEngine: Starting ThreadGroup: 1 : Pruebas para P3
2019-04-23 21:07:53,798 INFO o.a.j.e.StandardJMeterEngine: Starting 1 threads for group Pruebas para P3.
2019-04-23 21:07:53,799 INFO o.a.j.e.StandardJMeterEngine: Thread will continue on error
2019-04-23 21:07:53,799 INFO o.a.j.t.ThreadGroup: Starting thread group... number=1 threads=1 ramp-up=1 perThread=1000.0 delayedStart=false
2019-04-23 21:07:53,803 INFO o.a.j.t.ThreadGroup: Started thread group number 1
2019-04-23 21:07:53,804 INFO o.a.j.e.StandardJMeterEngine: All thread groups have been started
2019-04-23 21:07:53,804 INFO o.a.j.t.JMeterThread: Thread started: Pruebas para P3 1-1
2019-04-23 21:07:53,805 INFO o.a.j.s.FileServer: Stored: datagen/listado.csv
2019-04-23 21:07:55,814 INFO o.a.j.t.JMeterThread: Thread is done: Pruebas para P3 1-1
2019-04-23 21:07:55,814 INFO o.a.j.t.JMeterThread: Thread finished: Pruebas para P3 1-1
2019-04-23 21:07:55,814 INFO o.a.j.e.StandardJMeterEngine: Notifying test listeners of end of test
2019-04-23 21:07:55,814 INFO o.a.j.s.FileServer: Close: datagen/listado.csv
2019-04-23 21:07:55,815 INFO o.a.j.g.u.JMeterMenuBar: setRunning(false, *local*)
2019-04-23 21:08:10,382 INFO o.a.j.e.StandardJMeterEngine: Running the test!
2019-04-23 21:08:10,383 INFO o.a.j.s.SampleEvent: List of sample_variables: []
2019-04-23 21:08:10,386 INFO o.a.j.g.u.JMeterMenuBar: setRunning(true, *local*)
2019-04-23 21:08:10,547 INFO o.a.j.e.StandardJMeterEngine: Starting ThreadGroup: 1 : Pruebas para P3
2019-04-23 21:08:10,547 INFO o.a.j.e.StandardJMeterEngine: Starting 1 threads for group Pruebas para P3.
2019-04-23 21:08:10,547 INFO o.a.j.e.StandardJMeterEngine: Thread will continue on error
2019-04-23 21:08:10,547 INFO o.a.j.t.ThreadGroup: Starting thread group... number=1 threads=1 ramp-up=1 perThread=1000.0 delayedStart=false
2019-04-23 21:08:10,548 INFO o.a.j.t.ThreadGroup: Started thread group number 1
2019-04-23 21:08:10,548 INFO o.a.j.e.StandardJMeterEngine: All thread groups have been started
2019-04-23 21:08:10,549 INFO o.a.j.t.JMeterThread: Thread started: Pruebas para P3 1-1
2019-04-23 21:08:10,550 INFO o.a.j.s.FileServer: Stored: datagen/listado.csv
2019-04-23 21:08:12,348 INFO o.a.j.t.JMeterThread: Thread is done: Pruebas para P3 1-1
2019-04-23 21:08:12,348 INFO o.a.j.t.JMeterThread: Thread finished: Pruebas para P3 1-1
2019-04-23 21:08:12,348 INFO o.a.j.e.StandardJMeterEngine: Notifying test listeners of end of test
2019-04-23 21:08:12,349 INFO o.a.j.s.FileServer: Close: datagen/listado.csv
2019-04-23 21:08:12,349 INFO o.a.j.g.u.JMeterMenuBar: setRunning(false, *local*)
2019-04-23 21:11:08,364 INFO o.a.j.e.StandardJMeterEngine: Running the test!
2019-04-23 21:11:08,366 INFO o.a.j.s.SampleEvent: List of sample_variables: []
2019-04-23 21:11:08,368 INFO o.a.j.g.u.JMeterMenuBar: setRunning(true, *local*)
2019-04-23 21:11:08,537 INFO o.a.j.e.StandardJMeterEngine: Starting ThreadGroup: 1 : Pruebas para P3
2019-04-23 21:11:08,537 INFO o.a.j.e.StandardJMeterEngine: Starting 1 threads for group Pruebas para P3.
2019-04-23 21:11:08,537 INFO o.a.j.e.StandardJMeterEngine: Thread will continue on error
2019-04-23 21:11:08,537 INFO o.a.j.t.ThreadGroup: Starting thread group... number=1 threads=1 ramp-up=1 perThread=1000.0 delayedStart=false
2019-04-23 21:11:08,538 INFO o.a.j.t.ThreadGroup: Started thread group number 1
2019-04-23 21:11:08,539 INFO o.a.j.e.StandardJMeterEngine: All thread groups have been started
2019-04-23 21:11:08,539 INFO o.a.j.t.JMeterThread: Thread started: Pruebas para P3 1-1
2019-04-23 21:11:08,539 INFO o.a.j.s.FileServer: Stored: datagen/listado.csv
2019-04-23 21:11:15,689 INFO o.a.j.t.JMeterThread: Thread is done: Pruebas para P3 1-1
2019-04-23 21:11:15,689 INFO o.a.j.t.JMeterThread: Thread finished: Pruebas para P3 1-1
2019-04-23 21:11:15,689 INFO o.a.j.e.StandardJMeterEngine: Notifying test listeners of end of test
2019-04-23 21:11:15,689 INFO o.a.j.s.FileServer: Close: datagen/listado.csv
2019-04-23 21:11:15,691 INFO o.a.j.g.u.JMeterMenuBar: setRunning(false, *local*)
