2019-04-23 21:29:15,240 INFO o.a.j.u.JMeterUtils: Setting Locale to es_ES
2019-04-23 21:29:15,250 INFO o.a.j.u.JMeterUtils: Could not find resources for 'es_ES', using 'es'
2019-04-23 21:29:15,251 INFO o.a.j.JMeter: Loading user properties from: /home/alumnos/e342301/apache-jmeter-5.1/bin/user.properties
2019-04-23 21:29:15,251 INFO o.a.j.JMeter: Loading system properties from: /home/alumnos/e342301/apache-jmeter-5.1/bin/system.properties
2019-04-23 21:29:15,254 INFO o.a.j.JMeter: Copyright (c) 1998-2019 The Apache Software Foundation
2019-04-23 21:29:15,254 INFO o.a.j.JMeter: Version 5.1 r1853635
2019-04-23 21:29:15,255 INFO o.a.j.JMeter: java.version=1.8.0_201
2019-04-23 21:29:15,255 INFO o.a.j.JMeter: java.vm.name=Java HotSpot(TM) 64-Bit Server VM
2019-04-23 21:29:15,255 INFO o.a.j.JMeter: os.name=Linux
2019-04-23 21:29:15,255 INFO o.a.j.JMeter: os.arch=amd64
2019-04-23 21:29:15,255 INFO o.a.j.JMeter: os.version=4.15.0-29-generic
2019-04-23 21:29:15,255 INFO o.a.j.JMeter: file.encoding=UTF-8
2019-04-23 21:29:15,255 INFO o.a.j.JMeter: java.awt.headless=null
2019-04-23 21:29:15,255 INFO o.a.j.JMeter: Max memory     =1724383232
2019-04-23 21:29:15,255 INFO o.a.j.JMeter: Available Processors =4
2019-04-23 21:29:15,260 INFO o.a.j.JMeter: Default Locale=espa単ol (Espa単a)
2019-04-23 21:29:15,260 INFO o.a.j.JMeter: JMeter  Locale=espa単ol (Espa単a)
2019-04-23 21:29:15,260 INFO o.a.j.JMeter: JMeterHome=/home/alumnos/e342301/apache-jmeter-5.1
2019-04-23 21:29:15,260 INFO o.a.j.JMeter: user.dir  =/home/alumnos/e342301/si2claujuani/P3/P3
2019-04-23 21:29:15,260 INFO o.a.j.JMeter: PWD       =/home/alumnos/e342301/si2claujuani/P3/P3
2019-04-23 21:29:15,261 INFO o.a.j.JMeter: IP: 10.10.65.132 Name: 4-31-65-132 FullName: 4-31-65-132
2019-04-23 21:29:15,392 INFO o.a.j.g.a.LookAndFeelCommand: Installing Darcula LAF
2019-04-23 21:29:15,456 INFO o.a.j.g.a.LookAndFeelCommand: Using look and feel: javax.swing.plaf.nimbus.NimbusLookAndFeel [Darcula]
2019-04-23 21:29:15,456 INFO o.a.j.JMeter: Setting LAF to: javax.swing.plaf.nimbus.NimbusLookAndFeel
2019-04-23 21:29:15,511 INFO o.a.j.JMeter: Loaded icon properties from org/apache/jmeter/images/icon.properties
2019-04-23 21:29:15,872 INFO o.a.j.e.u.CompoundVariable: Note: Function class names must contain the string: '.functions.'
2019-04-23 21:29:15,872 INFO o.a.j.e.u.CompoundVariable: Note: Function class names must not contain the string: '.gui.'
2019-04-23 21:29:16,869 INFO o.a.j.p.h.s.HTTPSamplerBase: Parser for text/html is org.apache.jmeter.protocol.http.parser.LagartoBasedHtmlParser
2019-04-23 21:29:16,870 INFO o.a.j.p.h.s.HTTPSamplerBase: Parser for application/xhtml+xml is org.apache.jmeter.protocol.http.parser.LagartoBasedHtmlParser
2019-04-23 21:29:16,870 INFO o.a.j.p.h.s.HTTPSamplerBase: Parser for application/xml is org.apache.jmeter.protocol.http.parser.LagartoBasedHtmlParser
2019-04-23 21:29:16,870 INFO o.a.j.p.h.s.HTTPSamplerBase: Parser for text/xml is org.apache.jmeter.protocol.http.parser.LagartoBasedHtmlParser
2019-04-23 21:29:16,870 INFO o.a.j.p.h.s.HTTPSamplerBase: Parser for text/vnd.wap.wml is org.apache.jmeter.protocol.http.parser.RegexpHTMLParser
2019-04-23 21:29:16,870 INFO o.a.j.p.h.s.HTTPSamplerBase: Parser for text/css is org.apache.jmeter.protocol.http.parser.CssParser
2019-04-23 21:29:17,136 INFO o.a.j.e.KeyToolUtils: keytool found at 'keytool'
2019-04-23 21:29:17,137 INFO o.a.j.p.h.p.ProxyControl: HTTP(S) Test Script Recorder SSL Proxy will use keys that support embedded 3rd party resources in file /home/alumnos/e342301/apache-jmeter-5.1/bin/proxyserver.jks
2019-04-23 21:29:17,226 INFO o.a.j.s.FileServer: Default base='/home/alumnos/e342301/si2claujuani/P3/P3'
2019-04-23 21:29:17,476 INFO o.a.j.s.SampleResult: Note: Sample TimeStamps are START times
2019-04-23 21:29:17,477 INFO o.a.j.s.SampleResult: sampleresult.default.encoding is set to ISO-8859-1
2019-04-23 21:29:17,478 INFO o.a.j.s.SampleResult: sampleresult.useNanoTime=true
2019-04-23 21:29:17,478 INFO o.a.j.s.SampleResult: sampleresult.nanoThreadSleep=5000
2019-04-23 21:29:27,933 INFO o.a.j.g.a.Load: Loading file: /home/alumnos/e342301/si2claujuani/P3/P3.jmx
2019-04-23 21:29:27,934 INFO o.a.j.s.FileServer: Set new base='/home/alumnos/e342301/si2claujuani/P3'
2019-04-23 21:29:28,032 INFO o.a.j.s.SaveService: Testplan (JMX) version: 2.2. Testlog (JTL) version: 2.2
2019-04-23 21:29:28,041 INFO o.a.j.s.SaveService: Using SaveService properties file encoding UTF-8
2019-04-23 21:29:28,042 INFO o.a.j.s.SaveService: Using SaveService properties version 5.0
2019-04-23 21:29:28,045 INFO o.a.j.s.SaveService: Loading file: /home/alumnos/e342301/si2claujuani/P3/P3.jmx
2019-04-23 21:29:28,196 INFO o.a.j.s.FileServer: Set new base='/home/alumnos/e342301/si2claujuani/P3'
2019-04-23 21:30:52,645 INFO o.a.j.e.StandardJMeterEngine: Running the test!
2019-04-23 21:30:52,648 INFO o.a.j.s.SampleEvent: List of sample_variables: []
2019-04-23 21:30:52,648 INFO o.a.j.s.SampleEvent: List of sample_variables: []
2019-04-23 21:30:52,678 INFO o.a.j.g.u.JMeterMenuBar: setRunning(true, *local*)
2019-04-23 21:30:52,722 INFO o.a.j.e.StandardJMeterEngine: Starting ThreadGroup: 1 : Pruebas para P3
2019-04-23 21:30:52,744 INFO o.a.j.e.StandardJMeterEngine: Starting 1 threads for group Pruebas para P3.
2019-04-23 21:30:52,744 INFO o.a.j.e.StandardJMeterEngine: Thread will continue on error
2019-04-23 21:30:52,744 INFO o.a.j.t.ThreadGroup: Starting thread group... number=1 threads=1 ramp-up=1 perThread=1000.0 delayedStart=false
2019-04-23 21:30:52,747 INFO o.a.j.t.ThreadGroup: Started thread group number 1
2019-04-23 21:30:52,748 INFO o.a.j.e.StandardJMeterEngine: All thread groups have been started
2019-04-23 21:30:52,759 INFO o.a.j.t.JMeterThread: Thread started: Pruebas para P3 1-1
2019-04-23 21:30:52,766 INFO o.a.j.s.FileServer: Stored: datagen/listado.csv
2019-04-23 21:30:52,775 INFO o.a.j.p.h.s.HTTPHCAbstractImpl: Local host = 4-31-65-132
2019-04-23 21:30:52,785 INFO o.a.j.p.h.s.HTTPHC4Impl: HTTP request retry count = 0
2019-04-23 21:30:52,865 INFO o.a.j.u.JsseSSLManager: Using default SSL protocol: TLS
2019-04-23 21:30:52,865 INFO o.a.j.u.JsseSSLManager: SSL session context: per-thread
2019-04-23 21:30:59,434 INFO o.a.j.t.JMeterThread: Thread is done: Pruebas para P3 1-1
2019-04-23 21:30:59,434 INFO o.a.j.t.JMeterThread: Thread finished: Pruebas para P3 1-1
2019-04-23 21:30:59,435 INFO o.a.j.e.StandardJMeterEngine: Notifying test listeners of end of test
2019-04-23 21:30:59,435 INFO o.a.j.s.FileServer: Close: datagen/listado.csv
2019-04-23 21:30:59,436 INFO o.a.j.g.u.JMeterMenuBar: setRunning(false, *local*)
